<?xml version="1.0" encoding="UTF-8"?>
<coverage generated="1713369897200" clover="3.2.0">
  <project timestamp="1713369897200" name="All files">
    <metrics statements="19" coveredstatements="15" conditionals="8" coveredconditionals="4" methods="4" coveredmethods="2" elements="31" coveredelements="21" complexity="0" loc="19" ncloc="19" packages="1" files="1" classes="1"/>
    <file name="gameSlice.js" path="/Users/brandonmizutani/Projects/CodeFellows/js-401/lab-37-demo/src/store/gameSlice.js">
      <metrics statements="19" coveredstatements="15" conditionals="8" coveredconditionals="4" methods="4" coveredmethods="2"/>
      <line num="3" count="1" type="stmt"/>
      <line num="14" count="1" type="stmt"/>
      <line num="15" count="1" type="cond" truecount="1" falsecount="1"/>
      <line num="16" count="1" type="stmt"/>
      <line num="17" count="1" type="stmt"/>
      <line num="20" count="1" type="cond" truecount="1" falsecount="1"/>
      <line num="22" count="1" type="cond" truecount="1" falsecount="1"/>
      <line num="23" count="1" type="stmt"/>
      <line num="25" count="1" type="stmt"/>
      <line num="27" count="1" type="cond" truecount="1" falsecount="1"/>
      <line num="28" count="1" type="stmt"/>
      <line num="33" count="0" type="stmt"/>
      <line num="43" count="1" type="stmt"/>
      <line num="44" count="0" type="stmt"/>
      <line num="46" count="0" type="stmt"/>
      <line num="48" count="0" type="stmt"/>
      <line num="51" count="1" type="stmt"/>
      <line num="52" count="3" type="stmt"/>
      <line num="58" count="3" type="stmt"/>
    </file>
  </project>
</coverage>
