{"/Users/brandonmizutani/Projects/CodeFellows/js-401/lab-37-demo/src/store/gameSlice.js": {"path":"/Users/brandonmizutani/Projects/CodeFellows/js-401/lab-37-demo/src/store/gameSlice.js","statementMap":{"0":{"start":{"line":3,"column":18},"end":{"line":41,"column":2}},"1":{"start":{"line":14,"column":27},"end":{"line":14,"column":48}},"2":{"start":{"line":15,"column":29},"end":{"line":15,"column":71}},"3":{"start":{"line":16,"column":12},"end":{"line":16,"column":39}},"4":{"start":{"line":17,"column":12},"end":{"line":17,"column":43}},"5":{"start":{"line":20,"column":12},"end":{"line":30,"column":13}},"6":{"start":{"line":22,"column":16},"end":{"line":22,"column":59}},"7":{"start":{"line":22,"column":41},"end":{"line":22,"column":59}},"8":{"start":{"line":23,"column":16},"end":{"line":23,"column":32}},"9":{"start":{"line":25,"column":34},"end":{"line":25,"column":69}},"10":{"start":{"line":27,"column":16},"end":{"line":29,"column":17}},"11":{"start":{"line":28,"column":20},"end":{"line":28,"column":40}},"12":{"start":{"line":33,"column":12},"end":{"line":37,"column":29}},"13":{"start":{"line":43,"column":22},"end":{"line":49,"column":1}},"14":{"start":{"line":44,"column":20},"end":{"line":44,"column":49}},"15":{"start":{"line":46,"column":18},"end":{"line":46,"column":47}},"16":{"start":{"line":48,"column":4},"end":{"line":48,"column":26}},"17":{"start":{"line":51,"column":33},"end":{"line":59,"column":1}},"18":{"start":{"line":52,"column":26},"end":{"line":56,"column":5}},"19":{"start":{"line":58,"column":4},"end":{"line":58,"column":45}}},"fnMap":{"0":{"name":"(anonymous_0)","decl":{"start":{"line":13,"column":15},"end":{"line":13,"column":16}},"loc":{"start":{"line":13,"column":34},"end":{"line":31,"column":9}},"line":13},"1":{"name":"(anonymous_1)","decl":{"start":{"line":32,"column":15},"end":{"line":32,"column":16}},"loc":{"start":{"line":32,"column":26},"end":{"line":39,"column":9}},"line":32},"2":{"name":"(anonymous_2)","decl":{"start":{"line":43,"column":22},"end":{"line":43,"column":23}},"loc":{"start":{"line":43,"column":28},"end":{"line":49,"column":1}},"line":43},"3":{"name":"(anonymous_3)","decl":{"start":{"line":51,"column":33},"end":{"line":51,"column":34}},"loc":{"start":{"line":51,"column":54},"end":{"line":59,"column":1}},"line":51}},"branchMap":{"0":{"loc":{"start":{"line":15,"column":29},"end":{"line":15,"column":71}},"type":"binary-expr","locations":[{"start":{"line":15,"column":29},"end":{"line":15,"column":52}},{"start":{"line":15,"column":56},"end":{"line":15,"column":71}}],"line":15},"1":{"loc":{"start":{"line":20,"column":12},"end":{"line":30,"column":13}},"type":"if","locations":[{"start":{"line":20,"column":12},"end":{"line":30,"column":13}},{"start":{},"end":{}}],"line":20},"2":{"loc":{"start":{"line":22,"column":16},"end":{"line":22,"column":59}},"type":"if","locations":[{"start":{"line":22,"column":16},"end":{"line":22,"column":59}},{"start":{},"end":{}}],"line":22},"3":{"loc":{"start":{"line":27,"column":16},"end":{"line":29,"column":17}},"type":"if","locations":[{"start":{"line":27,"column":16},"end":{"line":29,"column":17}},{"start":{},"end":{}}],"line":27}},"s":{"0":1,"1":1,"2":1,"3":1,"4":1,"5":1,"6":1,"7":0,"8":1,"9":1,"10":1,"11":1,"12":0,"13":1,"14":0,"15":0,"16":0,"17":1,"18":3,"19":3},"f":{"0":1,"1":0,"2":0,"3":3},"b":{"0":[1,0],"1":[1,0],"2":[0,1],"3":[1,0]},"_coverageSchema":"1a1c01bbd47fc00a2c39e90264f33305004495a9","hash":"2843e226f389dfc09b660b5fbd1701c6054f12d7"}
}
