TN:
SF:src/store/gameSlice.js
FN:13,(anonymous_0)
FN:32,(anonymous_1)
FN:43,(anonymous_2)
FN:51,(anonymous_3)
FNF:4
FNH:2
FNDA:1,(anonymous_0)
FNDA:0,(anonymous_1)
FNDA:0,(anonymous_2)
FNDA:3,(anonymous_3)
DA:3,1
DA:14,1
DA:15,1
DA:16,1
DA:17,1
DA:20,1
DA:22,1
DA:23,1
DA:25,1
DA:27,1
DA:28,1
DA:33,0
DA:43,1
DA:44,0
DA:46,0
DA:48,0
DA:51,1
DA:52,3
DA:58,3
LF:19
LH:15
BRDA:15,0,0,1
BRDA:15,0,1,0
BRDA:20,1,0,1
BRDA:20,1,1,0
BRDA:22,2,0,0
BRDA:22,2,1,1
BRDA:27,3,0,1
BRDA:27,3,1,0
BRF:8
BRH:4
end_of_record
